[2025-06-02 13:10:23] âœ… Running IBKR Superbot Cycle\n[2025-06-02 13:10:23] [PENNY] Starting penny stock scan...\n[2025-06-02 13:10:23] âŒ ERROR in strategy loop:\nTraceback (most recent call last):
  File "/app/bot/core.py", line 23, in <module>
    run_penny_scanner()
  File "/app/bot/penny_scanner.py", line 39, in main
    run_scan()  # Replace 'run_scan' with correct function name if needed
    ^^^^^^^^
NameError: name 'run_scan' is not defined
\n[2025-06-02 13:10:23] ğŸ•’ Sleeping for 10 minutes...\n\n[2025-06-02 13:14:50] âœ… Running IBKR Superbot Cycle\n[2025-06-02 13:14:50] [PENNY] Starting penny stock scan...\n[2025-06-02 13:14:50] âŒ ERROR in strategy loop:\nTraceback (most recent call last):
  File "/app/bot/core.py", line 23, in <module>
    run_penny_scanner()
  File "/app/bot/penny_scanner.py", line 39, in main
    run_scan()  # Replace 'run_scan' with correct function name if needed
    ^^^^^^^^
NameError: name 'run_scan' is not defined
\n[2025-06-02 13:14:50] ğŸ•’ Sleeping for 10 minutes...\n\n[2025-06-02 13:17:46] âœ… Running IBKR Superbot Cycle\n[2025-06-02 13:17:46] [PENNY] Starting penny stock scan...\n[2025-06-02 13:17:46] âŒ ERROR in strategy loop:\nTraceback (most recent call last):
  File "/app/bot/core.py", line 23, in <module>
    run_penny_scanner()
  File "/app/bot/penny_scanner.py", line 39, in main
    run_scan()  # Replace 'run_scan' with correct function name if needed
    ^^^^^^^^
NameError: name 'run_scan' is not defined
\n[2025-06-02 13:17:46] ğŸ•’ Sleeping for 10 minutes...\n\n[2025-06-02 13:20:07] âœ… Running IBKR Superbot Cycle\n[2025-06-02 13:20:07] [PENNY] Starting penny stock scan...\n[2025-06-02 13:20:07] âŒ ERROR in strategy loop:\nTraceback (most recent call last):
  File "/app/bot/core.py", line 23, in <module>
    run_penny_scanner()
  File "/app/bot/penny_scanner.py", line 39, in main
    run()
    ^^^
NameError: name 'run' is not defined
\n[2025-06-02 13:20:07] ğŸ•’ Sleeping for 10 minutes...\n\n